# JRE version: Java(TM) SE Runtime Environment (19.0.2+7) (build 19.0.2+7-44)
# Java VM: Java HotSpot(TM) 64-Bit Server VM (19.0.2+7-44, mixed mode, sharing, tiered, compressed oops, compressed class ptrs, g1 gc, windows-amd64)
GC Precious Log:
 CardTable entry size: 512
 Card Set container configuration: InlinePtr #cards 5 size 8 Array Of Cards #cards 12 size 40 Howl #buckets 4 coarsen threshold 1843 Howl Bitmap #cards 512 size 80 coarsen threshold 460 Card regions per heap region 1 cards per card region 2048
 CPUs: 4 total, 4 available
 Memory: 3961M
 Large Page Support: Disabled
 NUMA Support: Disabled
 Compressed Oops: Enabled (32-bit)
 Heap Region Size: 1M
 Heap Min Capacity: 8M
 Heap Initial Capacity: 62M
 Heap Max Capacity: 992M
 Pre-touch: Disabled
 Parallel Workers: 4
 Concurrent Workers: 1
 Concurrent Refinement Workers: 4
 Periodic GC: Disabled
Heap:
 garbage-first heap   total 51200K, used 22243K [0x00000000c2000000, 0x0000000100000000)
  region size 1024K, 4 young (4096K), 2 survivors (2048K)
 Metaspace       used 32592K, committed 32896K, reserved 1114112K
  class space    used 3943K, committed 4096K, reserved 1048576K
GC Heap History (16 events):
Event: 1.811 GC heap before
{Heap before GC invocations=0 (full 0):
 garbage-first heap   total 63488K, used 12288K [0x00000000c2000000, 0x0000000100000000)
  region size 1024K, 13 young (13312K), 0 survivors (0K)
 Metaspace       used 4459K, committed 4608K, reserved 1114112K
  class space    used 452K, committed 512K, reserved 1048576K
}
Event: 1.833 GC heap after
{Heap after GC invocations=1 (full 0):
 garbage-first heap   total 63488K, used 6108K [0x00000000c2000000, 0x0000000100000000)
  region size 1024K, 2 young (2048K), 2 survivors (2048K)
 Metaspace       used 4459K, committed 4608K, reserved 1114112K
  class space    used 452K, committed 512K, reserved 1048576K
}
Event: 2.686 GC heap before
{Heap before GC invocations=1 (full 0):
 garbage-first heap   total 63488K, used 18396K [0x00000000c2000000, 0x0000000100000000)
  region size 1024K, 14 young (14336K), 2 survivors (2048K)
 Metaspace       used 8019K, committed 8256K, reserved 1114112K
  class space    used 885K, committed 960K, reserved 1048576K
}
Event: 2.691 GC heap after
{Heap after GC invocations=2 (full 0):
 garbage-first heap   total 63488K, used 7273K [0x00000000c2000000, 0x0000000100000000)
  region size 1024K, 2 young (2048K), 2 survivors (2048K)
 Metaspace       used 8019K, committed 8256K, reserved 1114112K
  class space    used 885K, committed 960K, reserved 1048576K
}
Event: 7.165 GC heap before
{Heap before GC invocations=2 (full 0):
 garbage-first heap   total 63488K, used 27753K [0x00000000c2000000, 0x0000000100000000)
  region size 1024K, 23 young (23552K), 2 survivors (2048K)
 Metaspace       used 14416K, committed 14784K, reserved 1114112K
  class space    used 1700K, committed 1856K, reserved 1048576K
}
Event: 7.172 GC heap after
{Heap after GC invocations=3 (full 0):
 garbage-first heap   total 63488K, used 9440K [0x00000000c2000000, 0x0000000100000000)
  region size 1024K, 3 young (3072K), 3 survivors (3072K)
 Metaspace       used 14416K, committed 14784K, reserved 1114112K
  class space    used 1700K, committed 1856K, reserved 1048576K
}
Event: 7.934 GC heap before
{Heap before GC invocations=3 (full 0):
 garbage-first heap   total 63488K, used 25824K [0x00000000c2000000, 0x0000000100000000)
  region size 1024K, 20 young (20480K), 3 survivors (3072K)
 Metaspace       used 21245K, committed 21504K, reserved 1114112K
  class space    used 2461K, committed 2560K, reserved 1048576K
}
Event: 7.943 GC heap after
{Heap after GC invocations=4 (full 0):
 garbage-first heap   total 63488K, used 11687K [0x00000000c2000000, 0x0000000100000000)
  region size 1024K, 3 young (3072K), 3 survivors (3072K)
 Metaspace       used 21245K, committed 21504K, reserved 1114112K
  class space    used 2461K, committed 2560K, reserved 1048576K
}
Event: 24.784 GC heap before
{Heap before GC invocations=5 (full 0):
 garbage-first heap   total 45056K, used 44455K [0x00000000c2000000, 0x0000000100000000)
  region size 1024K, 30 young (30720K), 3 survivors (3072K)
 Metaspace       used 29188K, committed 29504K, reserved 1114112K
  class space    used 3492K, committed 3648K, reserved 1048576K
}
Event: 24.802 GC heap after
{Heap after GC invocations=6 (full 0):
 garbage-first heap   total 51200K, used 19333K [0x00000000c2000000, 0x0000000100000000)
  region size 1024K, 3 young (3072K), 3 survivors (3072K)
 Metaspace       used 29188K, committed 29504K, reserved 1114112K
  class space    used 3492K, committed 3648K, reserved 1048576K
}
Event: 25.482 GC heap before
{Heap before GC invocations=6 (full 0):
 garbage-first heap   total 51200K, used 35717K [0x00000000c2000000, 0x0000000100000000)
  region size 1024K, 19 young (19456K), 3 survivors (3072K)
 Metaspace       used 31246K, committed 31616K, reserved 1114112K
  class space    used 3753K, committed 3904K, reserved 1048576K
}
Event: 25.489 GC heap after
{Heap after GC invocations=7 (full 0):
 garbage-first heap   total 51200K, used 20189K [0x00000000c2000000, 0x0000000100000000)
  region size 1024K, 1 young (1024K), 1 survivors (1024K)
 Metaspace       used 31246K, committed 31616K, reserved 1114112K
  class space    used 3753K, committed 3904K, reserved 1048576K
}
Event: 25.528 GC heap before
{Heap before GC invocations=7 (full 0):
 garbage-first heap   total 51200K, used 37597K [0x00000000c2000000, 0x0000000100000000)
  region size 1024K, 18 young (18432K), 1 survivors (1024K)
 Metaspace       used 31246K, committed 31616K, reserved 1114112K
  class space    used 3753K, committed 3904K, reserved 1048576K
}
Event: 25.531 GC heap after
{Heap after GC invocations=8 (full 0):
 garbage-first heap   total 51200K, used 20530K [0x00000000c2000000, 0x0000000100000000)
  region size 1024K, 2 young (2048K), 2 survivors (2048K)
 Metaspace       used 31246K, committed 31616K, reserved 1114112K
  class space    used 3753K, committed 3904K, reserved 1048576K
}
Event: 26.927 GC heap before
{Heap before GC invocations=8 (full 0):
 garbage-first heap   total 51200K, used 37938K [0x00000000c2000000, 0x0000000100000000)
  region size 1024K, 19 young (19456K), 2 survivors (2048K)
 Metaspace       used 32431K, committed 32832K, reserved 1114112K
  class space    used 3912K, committed 4096K, reserved 1048576K
}
Event: 26.933 GC heap after
{Heap after GC invocations=9 (full 0):
 garbage-first heap   total 51200K, used 21219K [0x00000000c2000000, 0x0000000100000000)
  region size 1024K, 2 young (2048K), 2 survivors (2048K)
 Metaspace       used 32431K, committed 32832K, reserved 1114112K
  class space    used 3912K, committed 4096K, reserved 1048576K
}

