# JRE version: Java(TM) SE Runtime Environment (19.0.2+7) (build 19.0.2+7-44)
# Java VM: Java HotSpot(TM) 64-Bit Server VM (19.0.2+7-44, mixed mode, sharing, tiered, compressed oops, compressed class ptrs, g1 gc, windows-amd64)
GC Precious Log:
 CardTable entry size: 512
 Card Set container configuration: InlinePtr #cards 5 size 8 Array Of Cards #cards 12 size 40 Howl #buckets 4 coarsen threshold 1843 Howl Bitmap #cards 512 size 80 coarsen threshold 460 Card regions per heap region 1 cards per card region 2048
 CPUs: 4 total, 4 available
 Memory: 3961M
 Large Page Support: Disabled
 NUMA Support: Disabled
 Compressed Oops: Enabled (32-bit)
 Heap Region Size: 1M
 Heap Min Capacity: 8M
 Heap Initial Capacity: 62M
 Heap Max Capacity: 992M
 Pre-touch: Disabled
 Parallel Workers: 4
 Concurrent Workers: 1
 Concurrent Refinement Workers: 4
 Periodic GC: Disabled
Heap:
 garbage-first heap   total 46080K, used 21344K [0x00000000c2000000, 0x0000000100000000)
  region size 1024K, 2 young (2048K), 2 survivors (2048K)
 Metaspace       used 32065K, committed 32384K, reserved 1114112K
  class space    used 3865K, committed 4032K, reserved 1048576K
GC Heap History (19 events):
Event: 1.461 GC heap before
{Heap before GC invocations=0 (full 0):
 garbage-first heap   total 63488K, used 12288K [0x00000000c2000000, 0x0000000100000000)
  region size 1024K, 13 young (13312K), 0 survivors (0K)
 Metaspace       used 4468K, committed 4672K, reserved 1114112K
  class space    used 452K, committed 512K, reserved 1048576K
}
Event: 1.474 GC heap after
{Heap after GC invocations=1 (full 0):
 garbage-first heap   total 63488K, used 6142K [0x00000000c2000000, 0x0000000100000000)
  region size 1024K, 2 young (2048K), 2 survivors (2048K)
 Metaspace       used 4468K, committed 4672K, reserved 1114112K
  class space    used 452K, committed 512K, reserved 1048576K
}
Event: 2.453 GC heap before
{Heap before GC invocations=1 (full 0):
 garbage-first heap   total 63488K, used 18430K [0x00000000c2000000, 0x0000000100000000)
  region size 1024K, 14 young (14336K), 2 survivors (2048K)
 Metaspace       used 8011K, committed 8256K, reserved 1114112K
  class space    used 881K, committed 960K, reserved 1048576K
}
Event: 2.458 GC heap after
{Heap after GC invocations=2 (full 0):
 garbage-first heap   total 63488K, used 7426K [0x00000000c2000000, 0x0000000100000000)
  region size 1024K, 2 young (2048K), 2 survivors (2048K)
 Metaspace       used 8011K, committed 8256K, reserved 1114112K
  class space    used 881K, committed 960K, reserved 1048576K
}
Event: 8.754 GC heap before
{Heap before GC invocations=2 (full 0):
 garbage-first heap   total 63488K, used 27906K [0x00000000c2000000, 0x0000000100000000)
  region size 1024K, 23 young (23552K), 2 survivors (2048K)
 Metaspace       used 14431K, committed 14784K, reserved 1114112K
  class space    used 1701K, committed 1856K, reserved 1048576K
}
Event: 8.761 GC heap after
{Heap after GC invocations=3 (full 0):
 garbage-first heap   total 63488K, used 9332K [0x00000000c2000000, 0x0000000100000000)
  region size 1024K, 3 young (3072K), 3 survivors (3072K)
 Metaspace       used 14431K, committed 14784K, reserved 1114112K
  class space    used 1701K, committed 1856K, reserved 1048576K
}
Event: 9.545 GC heap before
{Heap before GC invocations=3 (full 0):
 garbage-first heap   total 63488K, used 24692K [0x00000000c2000000, 0x0000000100000000)
  region size 1024K, 19 young (19456K), 3 survivors (3072K)
 Metaspace       used 21233K, committed 21504K, reserved 1114112K
  class space    used 2461K, committed 2560K, reserved 1048576K
}
Event: 9.555 GC heap after
{Heap after GC invocations=4 (full 0):
 garbage-first heap   total 63488K, used 11637K [0x00000000c2000000, 0x0000000100000000)
  region size 1024K, 4 young (4096K), 4 survivors (4096K)
 Metaspace       used 21233K, committed 21504K, reserved 1114112K
  class space    used 2461K, committed 2560K, reserved 1048576K
}
Event: 28.688 GC heap before
{Heap before GC invocations=5 (full 0):
 garbage-first heap   total 45056K, used 39285K [0x00000000c2000000, 0x0000000100000000)
  region size 1024K, 26 young (26624K), 4 survivors (4096K)
 Metaspace       used 27521K, committed 27840K, reserved 1114112K
  class space    used 3321K, committed 3456K, reserved 1048576K
}
Event: 28.748 GC heap after
{Heap after GC invocations=6 (full 0):
 garbage-first heap   total 46080K, used 18769K [0x00000000c2000000, 0x0000000100000000)
  region size 1024K, 2 young (2048K), 2 survivors (2048K)
 Metaspace       used 27521K, committed 27840K, reserved 1114112K
  class space    used 3321K, committed 3456K, reserved 1048576K
}
Event: 28.840 GC heap before
{Heap before GC invocations=6 (full 0):
 garbage-first heap   total 46080K, used 19793K [0x00000000c2000000, 0x0000000100000000)
  region size 1024K, 3 young (3072K), 2 survivors (2048K)
 Metaspace       used 27834K, committed 28160K, reserved 1114112K
  class space    used 3362K, committed 3520K, reserved 1048576K
}
Event: 28.846 GC heap after
{Heap after GC invocations=7 (full 0):
 garbage-first heap   total 46080K, used 19398K [0x00000000c2000000, 0x0000000100000000)
  region size 1024K, 1 young (1024K), 1 survivors (1024K)
 Metaspace       used 27834K, committed 28160K, reserved 1114112K
  class space    used 3362K, committed 3520K, reserved 1048576K
}
Event: 29.967 GC heap before
{Heap before GC invocations=7 (full 0):
 garbage-first heap   total 46080K, used 30662K [0x00000000c2000000, 0x0000000100000000)
  region size 1024K, 13 young (13312K), 1 survivors (1024K)
 Metaspace       used 31229K, committed 31552K, reserved 1114112K
  class space    used 3753K, committed 3904K, reserved 1048576K
}
Event: 29.971 GC heap after
{Heap after GC invocations=8 (full 0):
 garbage-first heap   total 46080K, used 19867K [0x00000000c2000000, 0x0000000100000000)
  region size 1024K, 1 young (1024K), 1 survivors (1024K)
 Metaspace       used 31229K, committed 31552K, reserved 1114112K
  class space    used 3753K, committed 3904K, reserved 1048576K
}
Event: 30.026 GC heap before
{Heap before GC invocations=8 (full 0):
 garbage-first heap   total 46080K, used 33179K [0x00000000c2000000, 0x0000000100000000)
  region size 1024K, 14 young (14336K), 1 survivors (1024K)
 Metaspace       used 31251K, committed 31552K, reserved 1114112K
  class space    used 3753K, committed 3904K, reserved 1048576K
}
Event: 30.031 GC heap after
{Heap after GC invocations=9 (full 0):
 garbage-first heap   total 46080K, used 20218K [0x00000000c2000000, 0x0000000100000000)
  region size 1024K, 2 young (2048K), 2 survivors (2048K)
 Metaspace       used 31251K, committed 31552K, reserved 1114112K
  class space    used 3753K, committed 3904K, reserved 1048576K
}
Event: 30.067 GC heap before
{Heap before GC invocations=9 (full 0):
 garbage-first heap   total 46080K, used 33530K [0x00000000c2000000, 0x0000000100000000)
  region size 1024K, 15 young (15360K), 2 survivors (2048K)
 Metaspace       used 31251K, committed 31552K, reserved 1114112K
  class space    used 3753K, committed 3904K, reserved 1048576K
}
Event: 30.072 GC heap after
{Heap after GC invocations=10 (full 0):
 garbage-first heap   total 46080K, used 20624K [0x00000000c2000000, 0x0000000100000000)
  region size 1024K, 2 young (2048K), 2 survivors (2048K)
 Metaspace       used 31251K, committed 31552K, reserved 1114112K
  class space    used 3753K, committed 3904K, reserved 1048576K
}
Event: 30.456 GC heap before
{Heap before GC invocations=10 (full 0):
 garbage-first heap   total 46080K, used 34960K [0x00000000c2000000, 0x0000000100000000)
  region size 1024K, 16 young (16384K), 2 survivors (2048K)
 Metaspace       used 32065K, committed 32384K, reserved 1114112K
  class space    used 3865K, committed 4032K, reserved 1048576K
}

