<?xml version="1.0" encoding="UTF-8"?>
<!-- Generated by org.testng.reporters.JUnitXMLReporter -->
<testsuite ignored="7" hostname="DESKTOP-LCMG6LP" failures="0" tests="3" name="Test" time="0.098" errors="0" timestamp="2023-06-27T18:36:02 IST">
  <testcase classname="TestNG.testCaseGrouping1" name="TC1" time="0.021"/>
  <testcase classname="TestNG.testCaseGrouping1" name="TC2" time="0.001"/>
  <testcase classname="TestNG.testCaseGrouping2" name="TC1" time="0.003"/>
  <testcase classname="TestNG.testCaseGrouping1" name="TC4" time="0.0">
    <ignored/>
  </testcase> <!-- TC4 -->
  <testcase classname="TestNG.testCaseGrouping2" name="TC5" time="0.0">
    <ignored/>
  </testcase> <!-- TC5 -->
  <testcase classname="TestNG.testCaseGrouping2" name="TC2" time="0.0">
    <ignored/>
  </testcase> <!-- TC2 -->
  <testcase classname="TestNG.testCaseGrouping1" name="TC5" time="0.0">
    <ignored/>
  </testcase> <!-- TC5 -->
  <testcase classname="TestNG.testCaseGrouping2" name="TC4" time="0.0">
    <ignored/>
  </testcase> <!-- TC4 -->
  <testcase classname="TestNG.testCaseGrouping2" name="TC3" time="0.0">
    <ignored/>
  </testcase> <!-- TC3 -->
  <testcase classname="TestNG.testCaseGrouping1" name="TC3" time="0.0">
    <ignored/>
  </testcase> <!-- TC3 -->
</testsuite> <!-- Test -->
